app/build/intermediates/manifest_merge_blame_file/debug/processDebugMainManifest/manifest-merger-blame-debug-report.txt
1<?xml version="1.0" encoding="utf-8"?>
2<manifest xmlns:android="http://schemas.android.com/apk/res/android"
3    package="com.android.oms"
4    android:versionCode="3"
5    android:versionName="0.3" >
6
7    <uses-sdk
8        android:minSdkVersion="26"
9        android:targetSdkVersion="34" />
10
11    <uses-feature
11-->src/main/AndroidManifest.xml:5:5-7:36
12        android:name="android.hardware.telephony"
12-->src/main/AndroidManifest.xml:6:9-50
13        android:required="false" />
13-->src/main/AndroidManifest.xml:7:9-33
14
15    <uses-permission android:name="android.permission.READ_SMS" />
15-->src/main/AndroidManifest.xml:9:5-67
15-->src/main/AndroidManifest.xml:9:22-64
16    <uses-permission android:name="android.permission.SEND_SMS" />
16-->src/main/AndroidManifest.xml:10:5-67
16-->src/main/AndroidManifest.xml:10:22-64
17    <uses-permission android:name="android.permission.RECEIVE_SMS" />
17-->src/main/AndroidManifest.xml:11:5-70
17-->src/main/AndroidManifest.xml:11:22-67
18    <uses-permission android:name="android.permission.READ_CONTACTS" />
18-->src/main/AndroidManifest.xml:12:5-72
18-->src/main/AndroidManifest.xml:12:22-69
19    <uses-permission android:name="android.permission.CAMERA" />
19-->src/main/AndroidManifest.xml:13:5-65
19-->src/main/AndroidManifest.xml:13:22-62
20
21    <uses-feature android:name="android.hardware.camera" />
21-->src/main/AndroidManifest.xml:15:5-60
21-->src/main/AndroidManifest.xml:15:19-57
22    <uses-feature android:name="android.hardware.camera.autofocus" />
22-->src/main/AndroidManifest.xml:16:5-70
22-->src/main/AndroidManifest.xml:16:19-67
23
24    <permission
24-->[androidx.core:core:1.13.1] AndroidManifest.xml:22:5-24:47
25        android:name="com.android.oms.DYNAMIC_RECEIVER_NOT_EXPORTED_PERMISSION"
25-->[androidx.core:core:1.13.1] AndroidManifest.xml:23:9-81
26        android:protectionLevel="signature" />
26-->[androidx.core:core:1.13.1] AndroidManifest.xml:24:9-44
27
28    <uses-permission android:name="com.android.oms.DYNAMIC_RECEIVER_NOT_EXPORTED_PERMISSION" />
28-->[androidx.core:core:1.13.1] AndroidManifest.xml:26:5-97
28-->[androidx.core:core:1.13.1] AndroidManifest.xml:26:22-94
29
30    <uses-feature
30-->[com.journeyapps:zxing-android-embedded:4.3.0] AndroidManifest.xml:28:5-30:36
31        android:name="android.hardware.camera.front"
31-->[com.journeyapps:zxing-android-embedded:4.3.0] AndroidManifest.xml:29:9-53
32        android:required="false" />
32-->[com.journeyapps:zxing-android-embedded:4.3.0] AndroidManifest.xml:30:9-33
33    <uses-feature
33-->[com.journeyapps:zxing-android-embedded:4.3.0] AndroidManifest.xml:36:5-38:36
34        android:name="android.hardware.camera.flash"
34-->[com.journeyapps:zxing-android-embedded:4.3.0] AndroidManifest.xml:37:9-53
35        android:required="false" />
35-->[com.journeyapps:zxing-android-embedded:4.3.0] AndroidManifest.xml:38:9-33
36    <uses-feature
36-->[com.journeyapps:zxing-android-embedded:4.3.0] AndroidManifest.xml:39:5-41:36
37        android:name="android.hardware.screen.landscape"
37-->[com.journeyapps:zxing-android-embedded:4.3.0] AndroidManifest.xml:40:9-57
38        android:required="false" />
38-->[com.journeyapps:zxing-android-embedded:4.3.0] AndroidManifest.xml:41:9-33
39    <uses-feature
39-->[com.journeyapps:zxing-android-embedded:4.3.0] AndroidManifest.xml:42:5-44:36
40        android:name="android.hardware.wifi"
40-->[com.journeyapps:zxing-android-embedded:4.3.0] AndroidManifest.xml:43:9-45
41        android:required="false" />
41-->[com.journeyapps:zxing-android-embedded:4.3.0] AndroidManifest.xml:44:9-33
42
43    <application
43-->src/main/AndroidManifest.xml:18:5-69:19
44        android:allowBackup="true"
44-->src/main/AndroidManifest.xml:19:9-35
45        android:appComponentFactory="androidx.core.app.CoreComponentFactory"
45-->[androidx.core:core:1.13.1] AndroidManifest.xml:28:18-86
46        android:dataExtractionRules="@xml/data_extraction_rules"
46-->src/main/AndroidManifest.xml:20:9-65
47        android:debuggable="true"
48        android:extractNativeLibs="false"
49        android:fullBackupContent="@xml/backup_rules"
49-->src/main/AndroidManifest.xml:21:9-54
50        android:icon="@drawable/ic_launcher_foreground"
50-->src/main/AndroidManifest.xml:22:9-56
51        android:label="@string/app_name"
51-->src/main/AndroidManifest.xml:23:9-41
52        android:roundIcon="@drawable/ic_launcher_foreground"
52-->src/main/AndroidManifest.xml:24:9-61
53        android:supportsRtl="true"
53-->src/main/AndroidManifest.xml:25:9-35
54        android:theme="@style/Theme.OMS" >
54-->src/main/AndroidManifest.xml:26:9-41
55        <activity
55-->src/main/AndroidManifest.xml:28:9-30:40
56            android:name="com.android.oms.Messages"
56-->src/main/AndroidManifest.xml:29:13-37
57            android:exported="false" />
57-->src/main/AndroidManifest.xml:30:13-37
58        <activity
58-->src/main/AndroidManifest.xml:31:9-33:40
59            android:name="com.android.oms.message"
59-->src/main/AndroidManifest.xml:32:13-36
60            android:exported="false" />
60-->src/main/AndroidManifest.xml:33:13-37
61        <activity
61-->src/main/AndroidManifest.xml:34:9-37:52
62            android:name="com.android.oms.scanQR"
62-->src/main/AndroidManifest.xml:35:13-35
63            android:exported="false"
63-->src/main/AndroidManifest.xml:36:13-37
64            android:screenOrientation="portrait" />
64-->src/main/AndroidManifest.xml:37:13-49
65        <activity
65-->src/main/AndroidManifest.xml:38:9-41:52
66            android:name="com.android.oms.addKey"
66-->src/main/AndroidManifest.xml:39:13-35
67            android:exported="false"
67-->src/main/AndroidManifest.xml:40:13-37
68            android:screenOrientation="portrait" />
68-->src/main/AndroidManifest.xml:41:13-49
69        <activity
69-->src/main/AndroidManifest.xml:42:9-45:52
70            android:name="com.android.oms.addkKey"
70-->src/main/AndroidManifest.xml:43:13-36
71            android:exported="false"
71-->src/main/AndroidManifest.xml:44:13-37
72            android:screenOrientation="portrait" />
72-->src/main/AndroidManifest.xml:45:13-49
73        <activity
73-->src/main/AndroidManifest.xml:46:9-49:52
74            android:name="com.android.oms.KeyManager"
74-->src/main/AndroidManifest.xml:47:13-39
75            android:exported="false"
75-->src/main/AndroidManifest.xml:48:13-37
76            android:screenOrientation="portrait" />
76-->src/main/AndroidManifest.xml:49:13-49
77        <activity
77-->src/main/AndroidManifest.xml:50:9-53:52
78            android:name="com.android.oms.Qrcode"
78-->src/main/AndroidManifest.xml:51:13-35
79            android:exported="false"
79-->src/main/AndroidManifest.xml:52:13-37
80            android:screenOrientation="portrait" />
80-->src/main/AndroidManifest.xml:53:13-49
81        <activity
81-->src/main/AndroidManifest.xml:54:9-58:48
82            android:name="com.android.oms.Message"
82-->src/main/AndroidManifest.xml:55:13-36
83            android:exported="false"
83-->src/main/AndroidManifest.xml:56:13-37
84            android:screenOrientation="portrait"
84-->src/main/AndroidManifest.xml:57:13-49
85            android:theme="@style/Theme.OMS" />
85-->src/main/AndroidManifest.xml:58:13-45
86        <activity
86-->src/main/AndroidManifest.xml:59:9-68:20
87            android:name="com.android.oms.MainActivity"
87-->src/main/AndroidManifest.xml:60:13-41
88            android:exported="true"
88-->src/main/AndroidManifest.xml:61:13-36
89            android:screenOrientation="portrait" >
89-->src/main/AndroidManifest.xml:62:13-49
90            <intent-filter>
90-->src/main/AndroidManifest.xml:63:13-67:29
91                <action android:name="android.intent.action.MAIN" />
91-->src/main/AndroidManifest.xml:64:17-69
91-->src/main/AndroidManifest.xml:64:25-66
92
93                <category android:name="android.intent.category.LAUNCHER" />
93-->src/main/AndroidManifest.xml:66:17-77
93-->src/main/AndroidManifest.xml:66:27-74
94            </intent-filter>
95        </activity>
96
97        <provider
97-->[androidx.emoji2:emoji2:1.3.0] AndroidManifest.xml:24:9-32:20
98            android:name="androidx.startup.InitializationProvider"
98-->[androidx.emoji2:emoji2:1.3.0] AndroidManifest.xml:25:13-67
99            android:authorities="com.android.oms.androidx-startup"
99-->[androidx.emoji2:emoji2:1.3.0] AndroidManifest.xml:26:13-68
100            android:exported="false" >
100-->[androidx.emoji2:emoji2:1.3.0] AndroidManifest.xml:27:13-37
101            <meta-data
101-->[androidx.emoji2:emoji2:1.3.0] AndroidManifest.xml:29:13-31:52
102                android:name="androidx.emoji2.text.EmojiCompatInitializer"
102-->[androidx.emoji2:emoji2:1.3.0] AndroidManifest.xml:30:17-75
103                android:value="androidx.startup" />
103-->[androidx.emoji2:emoji2:1.3.0] AndroidManifest.xml:31:17-49
104            <meta-data
104-->[androidx.lifecycle:lifecycle-process:2.6.2] AndroidManifest.xml:29:13-31:52
105                android:name="androidx.lifecycle.ProcessLifecycleInitializer"
105-->[androidx.lifecycle:lifecycle-process:2.6.2] AndroidManifest.xml:30:17-78
106                android:value="androidx.startup" />
106-->[androidx.lifecycle:lifecycle-process:2.6.2] AndroidManifest.xml:31:17-49
107            <meta-data
107-->[androidx.profileinstaller:profileinstaller:1.3.1] AndroidManifest.xml:29:13-31:52
108                android:name="androidx.profileinstaller.ProfileInstallerInitializer"
108-->[androidx.profileinstaller:profileinstaller:1.3.1] AndroidManifest.xml:30:17-85
109                android:value="androidx.startup" />
109-->[androidx.profileinstaller:profileinstaller:1.3.1] AndroidManifest.xml:31:17-49
110        </provider>
111
112        <uses-library
112-->[androidx.window:window:1.0.0] AndroidManifest.xml:25:9-27:40
113            android:name="androidx.window.extensions"
113-->[androidx.window:window:1.0.0] AndroidManifest.xml:26:13-54
114            android:required="false" />
114-->[androidx.window:window:1.0.0] AndroidManifest.xml:27:13-37
115        <uses-library
115-->[androidx.window:window:1.0.0] AndroidManifest.xml:28:9-30:40
116            android:name="androidx.window.sidecar"
116-->[androidx.window:window:1.0.0] AndroidManifest.xml:29:13-51
117            android:required="false" />
117-->[androidx.window:window:1.0.0] AndroidManifest.xml:30:13-37
118
119        <receiver
119-->[androidx.profileinstaller:profileinstaller:1.3.1] AndroidManifest.xml:34:9-52:20
120            android:name="androidx.profileinstaller.ProfileInstallReceiver"
120-->[androidx.profileinstaller:profileinstaller:1.3.1] AndroidManifest.xml:35:13-76
121            android:directBootAware="false"
121-->[androidx.profileinstaller:profileinstaller:1.3.1] AndroidManifest.xml:36:13-44
122            android:enabled="true"
122-->[androidx.profileinstaller:profileinstaller:1.3.1] AndroidManifest.xml:37:13-35
123            android:exported="true"
123-->[androidx.profileinstaller:profileinstaller:1.3.1] AndroidManifest.xml:38:13-36
124            android:permission="android.permission.DUMP" >
124-->[androidx.profileinstaller:profileinstaller:1.3.1] AndroidManifest.xml:39:13-57
125            <intent-filter>
125-->[androidx.profileinstaller:profileinstaller:1.3.1] AndroidManifest.xml:40:13-42:29
126                <action android:name="androidx.profileinstaller.action.INSTALL_PROFILE" />
126-->[androidx.profileinstaller:profileinstaller:1.3.1] AndroidManifest.xml:41:17-91
126-->[androidx.profileinstaller:profileinstaller:1.3.1] AndroidManifest.xml:41:25-88
127            </intent-filter>
128            <intent-filter>
128-->[androidx.profileinstaller:profileinstaller:1.3.1] AndroidManifest.xml:43:13-45:29
129                <action android:name="androidx.profileinstaller.action.SKIP_FILE" />
129-->[androidx.profileinstaller:profileinstaller:1.3.1] AndroidManifest.xml:44:17-85
129-->[androidx.profileinstaller:profileinstaller:1.3.1] AndroidManifest.xml:44:25-82
130            </intent-filter>
131            <intent-filter>
131-->[androidx.profileinstaller:profileinstaller:1.3.1] AndroidManifest.xml:46:13-48:29
132                <action android:name="androidx.profileinstaller.action.SAVE_PROFILE" />
132-->[androidx.profileinstaller:profileinstaller:1.3.1] AndroidManifest.xml:47:17-88
132-->[androidx.profileinstaller:profileinstaller:1.3.1] AndroidManifest.xml:47:25-85
133            </intent-filter>
134            <intent-filter>
134-->[androidx.profileinstaller:profileinstaller:1.3.1] AndroidManifest.xml:49:13-51:29
135                <action android:name="androidx.profileinstaller.action.BENCHMARK_OPERATION" />
135-->[androidx.profileinstaller:profileinstaller:1.3.1] AndroidManifest.xml:50:17-95
135-->[androidx.profileinstaller:profileinstaller:1.3.1] AndroidManifest.xml:50:25-92
136            </intent-filter>
137        </receiver>
138
139        <activity
139-->[com.journeyapps:zxing-android-embedded:4.3.0] AndroidManifest.xml:47:9-53:63
140            android:name="com.journeyapps.barcodescanner.CaptureActivity"
140-->[com.journeyapps:zxing-android-embedded:4.3.0] AndroidManifest.xml:48:13-74
141            android:clearTaskOnLaunch="true"
141-->[com.journeyapps:zxing-android-embedded:4.3.0] AndroidManifest.xml:49:13-45
142            android:screenOrientation="sensorLandscape"
142-->[com.journeyapps:zxing-android-embedded:4.3.0] AndroidManifest.xml:50:13-56
143            android:stateNotNeeded="true"
143-->[com.journeyapps:zxing-android-embedded:4.3.0] AndroidManifest.xml:51:13-42
144            android:theme="@style/zxing_CaptureTheme"
144-->[com.journeyapps:zxing-android-embedded:4.3.0] AndroidManifest.xml:52:13-54
145            android:windowSoftInputMode="stateAlwaysHidden" />
145-->[com.journeyapps:zxing-android-embedded:4.3.0] AndroidManifest.xml:53:13-60
146    </application>
147
148</manifest>